[Tue, 18 Jul 2023 20:47:42 GMT] Starting Ceramic Daemon at version 2.29.0 with config: 
{
  "anchor": {},
  "http-api": {
    "hostname": "127.0.0.1",
    "port": 7007,
    "cors-allowed-origins": [
      ".*"
    ],
    "admin-dids": [
      "did:key:z6Mkgcen7SWff3HdKMQNUpfYZrxJMuHJeD4iiTUGHPgLhbf6",
      "did:key:z6MkfuigJH7DXP6PiYpMVLvsX1Ak2CYKmMEX488zCub9tvwP#z6MkfuigJH7DXP6PiYpMVLvsX1Ak2CYKmMEX488zCub9tvwP",
      "39692c9a7e6a8a24061d3ebf4f1905e0eb05cb879908b2e896cce3f2fb396723"
    ]
  },
  "ipfs": {
    "mode": "bundled"
  },
  "logger": {
    "log-directory": "/Users/pahor/repo/spare-capacity-marketplace/ceramics/hack-app/log/ceramic",
    "log-level": 2,
    "log-to-files": true
  },
  "metrics": {
    "metrics-exporter-enabled": false
  },
  "network": {
    "name": "inmemory"
  },
  "node": {
    "gateway": false
  },
  "state-store": {
    "mode": "file",
    "local-directory": "/etc/ceramic/data"
  },
  "indexing": {
    "db": "sqlite:../ceramic-indexing/ceramic.db",
    "allow-queries-before-historical-sync": true,
    "disable-composedb": false,
    "enable-historical-sync": false
  }
}
[Tue, 18 Jul 2023 20:47:42 GMT] Connecting to IPFS node available as /ip4/10.10.174.131/tcp/4011/p2p/12D3KooWB37wtrVRH815ByZdHVCunXBobQeJjMF3Wo7YvLDmwfeg, /ip4/127.0.0.1/tcp/4011/p2p/12D3KooWB37wtrVRH815ByZdHVCunXBobQeJjMF3Wo7YvLDmwfeg
[Tue, 18 Jul 2023 20:47:42 GMT] Initializing SQLite connection
[Tue, 18 Jul 2023 20:47:42 GMT] Connecting to ceramic network 'inmemory' using pubsub topic '/ceramic/inmemory-4041398853'
[Tue, 18 Jul 2023 20:47:42 GMT] Starting indexing for Model kjzl6hvfrbw6c8bxrz5y2jm084fyz7x0wjptdmeych9d28t72t3po9u6f4wus47
[Tue, 18 Jul 2023 20:48:10 GMT] Starting Ceramic Daemon at version 2.29.0 with config: 
{
  "anchor": {},
  "http-api": {
    "hostname": "127.0.0.1",
    "port": 7007,
    "cors-allowed-origins": [
      ".*"
    ],
    "admin-dids": [
      "did:key:z6Mkgcen7SWff3HdKMQNUpfYZrxJMuHJeD4iiTUGHPgLhbf6",
      "did:key:z6MkfuigJH7DXP6PiYpMVLvsX1Ak2CYKmMEX488zCub9tvwP#z6MkfuigJH7DXP6PiYpMVLvsX1Ak2CYKmMEX488zCub9tvwP",
      "39692c9a7e6a8a24061d3ebf4f1905e0eb05cb879908b2e896cce3f2fb396723"
    ]
  },
  "ipfs": {
    "mode": "bundled"
  },
  "logger": {
    "log-directory": "/Users/pahor/repo/spare-capacity-marketplace/ceramics/hack-app/log/ceramic",
    "log-level": 2,
    "log-to-files": true
  },
  "metrics": {
    "metrics-exporter-enabled": false
  },
  "network": {
    "name": "inmemory"
  },
  "node": {
    "gateway": false
  },
  "state-store": {
    "mode": "file",
    "local-directory": "/etc/ceramic/data"
  },
  "indexing": {
    "db": "sqlite:../ceramic-indexing/ceramic.db",
    "allow-queries-before-historical-sync": true,
    "disable-composedb": false,
    "enable-historical-sync": false
  }
}
[Tue, 18 Jul 2023 20:48:10 GMT] Initializing SQLite connection
[Tue, 18 Jul 2023 20:48:10 GMT] Connecting to ceramic network 'inmemory' using pubsub topic '/ceramic/inmemory-1525024524'
[Tue, 18 Jul 2023 20:48:10 GMT] Connecting to IPFS node available as /ip4/10.10.174.131/tcp/4011/p2p/12D3KooWB37wtrVRH815ByZdHVCunXBobQeJjMF3Wo7YvLDmwfeg, /ip4/127.0.0.1/tcp/4011/p2p/12D3KooWB37wtrVRH815ByZdHVCunXBobQeJjMF3Wo7YvLDmwfeg
[Tue, 18 Jul 2023 20:48:10 GMT] Starting indexing for Model kjzl6hvfrbw6c8bxrz5y2jm084fyz7x0wjptdmeych9d28t72t3po9u6f4wus47
[Tue, 18 Jul 2023 20:48:13 GMT] Starting indexing for Model kjzl6hvfrbw6c8kz82vbeh7vetjvujcqly03xbcxhpt8phrnse8yyx5o0z5u4un
[Tue, 18 Jul 2023 20:48:16 GMT] Starting indexing for Model kjzl6hvfrbw6cb02zqirjbnlbqh0fsamft2mdyx7fn5vbmy0u42nzr3upi1ewr0
[Tue, 18 Jul 2023 20:48:19 GMT] Starting indexing for Model kjzl6hvfrbw6c8bk2z3j4n4uoekbjsddyivc7tubqronipwpp5lvn7f71992m9d
[Tue, 18 Jul 2023 20:48:22 GMT] Starting indexing for Model kjzl6hvfrbw6cay5lnj0dnm1z2ue8vt1cso76efmcqh6m9j2xnuklj6p2nevpi7
[Tue, 18 Jul 2023 20:48:25 GMT] Starting indexing for Model kjzl6hvfrbw6c9m9brthgvymjbe0wzk8svf9i4trl7a0cm87e4hi3zyimpjxexf
[Tue, 18 Jul 2023 20:48:28 GMT] Starting indexing for Model kjzl6hvfrbw6c57p6t99krxnhqbxb24suuvxfhq1hnqujfecq0fap356ai7sjk9
[Tue, 18 Jul 2023 20:48:31 GMT] Starting indexing for Model kjzl6hvfrbw6c7gxr84vvivh8c5awz1eycoj793oixk68zw7k3z3zk5uh06fwxl
[Tue, 18 Jul 2023 20:48:34 GMT] Connected to anchor service '<inmemory>' with supported anchor chains ['inmemory:12345']
[Tue, 18 Jul 2023 20:48:34 GMT] Ceramic API running on 127.0.0.1:7007'
